Running Gradle task 'assembleDebug'...                          
lib/features/home/screens/home_screen.dart:429:27: Error: The method 'AppLoader' isn't defined for the type '_HomeScreenState'.
 - '_HomeScreenState' is from 'package:blindly_dating_app/features/home/screens/home_screen.dart' ('lib/features/home/screens/home_screen.dart').
Try correcting the name to the name of an existing method, or defining a method named 'AppLoader'.
      body: Center(child: AppLoader()),
                          ^^^^^^^^^
Target kernel_snapshot_program failed: Exception


FAILURE: Build failed with an exception.

* What went wrong:
Execution failed for task ':app:compileFlutterBuildDebug'.
> Process 'command 'F:\flutter\bin\flutter.bat'' finished with non-zero exit value 1

* Try:
> Run with --stacktrace option to get the stack trace.
> Run with --info or --debug option to get more log output.
> Run with --scan to get full insights.
> Get more help at https://help.gradle.org.

BUILD FAILED in 21s
Running Gradle task 'assembleDebug'...                             22.4s
Gradle task assembleDebug failed with exit code 1
